<?xml version="1.0" encoding="UTF-8"?>
<testng-results ignored="0" total="0" passed="0" failed="0" skipped="0">
  <reporter-output>
  </reporter-output>
  <suite started-at="2022-10-21T22:41:02 NOVT" name="ru.netology.stats.services.StatsServiceTest" finished-at="2022-10-21T22:41:02 NOVT" duration-ms="15">
    <groups>
    </groups>
    <test started-at="2022-10-21T22:41:02 NOVT" name="Command line test" finished-at="2022-10-21T22:41:02 NOVT" duration-ms="15">
    </test> <!-- Command line test -->
  </suite> <!-- ru.netology.stats.services.StatsServiceTest -->
</testng-results>
